CRITICAL - 2020-11-16 21:39:48 --> syntax error, unexpected 'public' (T_PUBLIC)
#0 D:\laragon\www\belajar-ci\system\Router\Router.php(195): CodeIgniter\Router\Router->autoRoute('admin/users')
#1 D:\laragon\www\belajar-ci\system\CodeIgniter.php(793): CodeIgniter\Router\Router->handle('admin/users')
#2 D:\laragon\www\belajar-ci\system\CodeIgniter.php(364): CodeIgniter\CodeIgniter->tryToRouteIt(Object(CodeIgniter\Router\RouteCollection))
#3 D:\laragon\www\belajar-ci\system\CodeIgniter.php(312): CodeIgniter\CodeIgniter->handleRequest(NULL, Object(Config\Cache), false)
#4 D:\laragon\www\belajar-ci\public\index.php(45): CodeIgniter\CodeIgniter->run()
#5 {main}
CRITICAL - 2020-11-16 21:39:54 --> syntax error, unexpected 'public' (T_PUBLIC)
#0 D:\laragon\www\belajar-ci\system\Router\Router.php(195): CodeIgniter\Router\Router->autoRoute('Admin/users')
#1 D:\laragon\www\belajar-ci\system\CodeIgniter.php(793): CodeIgniter\Router\Router->handle('Admin/users')
#2 D:\laragon\www\belajar-ci\system\CodeIgniter.php(364): CodeIgniter\CodeIgniter->tryToRouteIt(Object(CodeIgniter\Router\RouteCollection))
#3 D:\laragon\www\belajar-ci\system\CodeIgniter.php(312): CodeIgniter\CodeIgniter->handleRequest(NULL, Object(Config\Cache), false)
#4 D:\laragon\www\belajar-ci\public\index.php(45): CodeIgniter\CodeIgniter->run()
#5 {main}
CRITICAL - 2020-11-16 21:40:10 --> syntax error, unexpected 'public' (T_PUBLIC)
#0 D:\laragon\www\belajar-ci\system\Router\Router.php(195): CodeIgniter\Router\Router->autoRoute('Admin/users')
#1 D:\laragon\www\belajar-ci\system\CodeIgniter.php(793): CodeIgniter\Router\Router->handle('Admin/users')
#2 D:\laragon\www\belajar-ci\system\CodeIgniter.php(364): CodeIgniter\CodeIgniter->tryToRouteIt(Object(CodeIgniter\Router\RouteCollection))
#3 D:\laragon\www\belajar-ci\system\CodeIgniter.php(312): CodeIgniter\CodeIgniter->handleRequest(NULL, Object(Config\Cache), false)
#4 D:\laragon\www\belajar-ci\public\index.php(45): CodeIgniter\CodeIgniter->run()
#5 {main}
CRITICAL - 2020-11-16 21:40:20 --> syntax error, unexpected 'public' (T_PUBLIC)
#0 D:\laragon\www\belajar-ci\system\Router\Router.php(195): CodeIgniter\Router\Router->autoRoute('Admin/users')
#1 D:\laragon\www\belajar-ci\system\CodeIgniter.php(793): CodeIgniter\Router\Router->handle('Admin/users')
#2 D:\laragon\www\belajar-ci\system\CodeIgniter.php(364): CodeIgniter\CodeIgniter->tryToRouteIt(Object(CodeIgniter\Router\RouteCollection))
#3 D:\laragon\www\belajar-ci\system\CodeIgniter.php(312): CodeIgniter\CodeIgniter->handleRequest(NULL, Object(Config\Cache), false)
#4 D:\laragon\www\belajar-ci\public\index.php(45): CodeIgniter\CodeIgniter->run()
#5 {main}
CRITICAL - 2020-11-16 21:41:42 --> syntax error, unexpected 'public' (T_PUBLIC)
#0 D:\laragon\www\belajar-ci\system\Router\Router.php(195): CodeIgniter\Router\Router->autoRoute('Admin/users')
#1 D:\laragon\www\belajar-ci\system\CodeIgniter.php(793): CodeIgniter\Router\Router->handle('Admin/users')
#2 D:\laragon\www\belajar-ci\system\CodeIgniter.php(364): CodeIgniter\CodeIgniter->tryToRouteIt(Object(CodeIgniter\Router\RouteCollection))
#3 D:\laragon\www\belajar-ci\system\CodeIgniter.php(312): CodeIgniter\CodeIgniter->handleRequest(NULL, Object(Config\Cache), false)
#4 D:\laragon\www\belajar-ci\public\index.php(45): CodeIgniter\CodeIgniter->run()
#5 {main}
CRITICAL - 2020-11-16 21:45:01 --> syntax error, unexpected 'public' (T_PUBLIC)
#0 D:\laragon\www\belajar-ci\system\Router\Router.php(195): CodeIgniter\Router\Router->autoRoute('Admin/users')
#1 D:\laragon\www\belajar-ci\system\CodeIgniter.php(793): CodeIgniter\Router\Router->handle('Admin/users')
#2 D:\laragon\www\belajar-ci\system\CodeIgniter.php(364): CodeIgniter\CodeIgniter->tryToRouteIt(Object(CodeIgniter\Router\RouteCollection))
#3 D:\laragon\www\belajar-ci\system\CodeIgniter.php(312): CodeIgniter\CodeIgniter->handleRequest(NULL, Object(Config\Cache), false)
#4 D:\laragon\www\belajar-ci\public\index.php(45): CodeIgniter\CodeIgniter->run()
#5 {main}
CRITICAL - 2020-11-16 21:46:53 --> Unable to connect to the database.
#0 D:\laragon\www\belajar-ci\system\Database\BaseConnection.php(646): CodeIgniter\Database\BaseConnection->initialize()
#1 D:\laragon\www\belajar-ci\system\Database\BaseBuilder.php(1860): CodeIgniter\Database\BaseConnection->query('SELECT *\nFROM `...', Array, false)
#2 D:\laragon\www\belajar-ci\system\Model.php(462): CodeIgniter\Database\BaseBuilder->get()
#3 D:\laragon\www\belajar-ci\app\Controllers\Admin\Users.php(13): CodeIgniter\Model->findAll()
#4 D:\laragon\www\belajar-ci\system\CodeIgniter.php(918): App\Controllers\Admin\Users->index()
#5 D:\laragon\www\belajar-ci\system\CodeIgniter.php(404): CodeIgniter\CodeIgniter->runController(Object(App\Controllers\Admin\Users))
#6 D:\laragon\www\belajar-ci\system\CodeIgniter.php(312): CodeIgniter\CodeIgniter->handleRequest(NULL, Object(Config\Cache), false)
#7 D:\laragon\www\belajar-ci\public\index.php(45): CodeIgniter\CodeIgniter->run()
#8 {main}
CRITICAL - 2020-11-16 21:48:16 --> syntax error, unexpected 'public' (T_PUBLIC)
#0 D:\laragon\www\belajar-ci\system\Router\Router.php(195): CodeIgniter\Router\Router->autoRoute('Admin/users')
#1 D:\laragon\www\belajar-ci\system\CodeIgniter.php(793): CodeIgniter\Router\Router->handle('Admin/users')
#2 D:\laragon\www\belajar-ci\system\CodeIgniter.php(364): CodeIgniter\CodeIgniter->tryToRouteIt(Object(CodeIgniter\Router\RouteCollection))
#3 D:\laragon\www\belajar-ci\system\CodeIgniter.php(312): CodeIgniter\CodeIgniter->handleRequest(NULL, Object(Config\Cache), false)
#4 D:\laragon\www\belajar-ci\public\index.php(45): CodeIgniter\CodeIgniter->run()
#5 {main}
CRITICAL - 2020-11-16 21:50:11 --> syntax error, unexpected 'public' (T_PUBLIC)
#0 D:\laragon\www\belajar-ci\system\Router\Router.php(195): CodeIgniter\Router\Router->autoRoute('Admin/users')
#1 D:\laragon\www\belajar-ci\system\CodeIgniter.php(793): CodeIgniter\Router\Router->handle('Admin/users')
#2 D:\laragon\www\belajar-ci\system\CodeIgniter.php(364): CodeIgniter\CodeIgniter->tryToRouteIt(Object(CodeIgniter\Router\RouteCollection))
#3 D:\laragon\www\belajar-ci\system\CodeIgniter.php(312): CodeIgniter\CodeIgniter->handleRequest(NULL, Object(Config\Cache), false)
#4 D:\laragon\www\belajar-ci\public\index.php(45): CodeIgniter\CodeIgniter->run()
#5 {main}
CRITICAL - 2020-11-16 21:50:56 --> syntax error, unexpected 'public' (T_PUBLIC)
#0 D:\laragon\www\belajar-ci\system\Router\Router.php(195): CodeIgniter\Router\Router->autoRoute('Admin/users')
#1 D:\laragon\www\belajar-ci\system\CodeIgniter.php(793): CodeIgniter\Router\Router->handle('Admin/users')
#2 D:\laragon\www\belajar-ci\system\CodeIgniter.php(364): CodeIgniter\CodeIgniter->tryToRouteIt(Object(CodeIgniter\Router\RouteCollection))
#3 D:\laragon\www\belajar-ci\system\CodeIgniter.php(312): CodeIgniter\CodeIgniter->handleRequest(NULL, Object(Config\Cache), false)
#4 D:\laragon\www\belajar-ci\public\index.php(45): CodeIgniter\CodeIgniter->run()
#5 {main}
CRITICAL - 2020-11-16 21:50:58 --> syntax error, unexpected 'public' (T_PUBLIC)
#0 D:\laragon\www\belajar-ci\system\Router\Router.php(195): CodeIgniter\Router\Router->autoRoute('Admin/users')
#1 D:\laragon\www\belajar-ci\system\CodeIgniter.php(793): CodeIgniter\Router\Router->handle('Admin/users')
#2 D:\laragon\www\belajar-ci\system\CodeIgniter.php(364): CodeIgniter\CodeIgniter->tryToRouteIt(Object(CodeIgniter\Router\RouteCollection))
#3 D:\laragon\www\belajar-ci\system\CodeIgniter.php(312): CodeIgniter\CodeIgniter->handleRequest(NULL, Object(Config\Cache), false)
#4 D:\laragon\www\belajar-ci\public\index.php(45): CodeIgniter\CodeIgniter->run()
#5 {main}
CRITICAL - 2020-11-16 21:56:29 --> Unable to connect to the database.
#0 D:\laragon\www\belajar-ci\system\Database\BaseConnection.php(646): CodeIgniter\Database\BaseConnection->initialize()
#1 D:\laragon\www\belajar-ci\system\Database\BaseBuilder.php(1860): CodeIgniter\Database\BaseConnection->query('SELECT *\nFROM `...', Array, false)
#2 D:\laragon\www\belajar-ci\system\Model.php(462): CodeIgniter\Database\BaseBuilder->get()
#3 D:\laragon\www\belajar-ci\app\Controllers\Admin\Users.php(12): CodeIgniter\Model->findAll()
#4 D:\laragon\www\belajar-ci\system\CodeIgniter.php(918): App\Controllers\Admin\Users->index()
#5 D:\laragon\www\belajar-ci\system\CodeIgniter.php(404): CodeIgniter\CodeIgniter->runController(Object(App\Controllers\Admin\Users))
#6 D:\laragon\www\belajar-ci\system\CodeIgniter.php(312): CodeIgniter\CodeIgniter->handleRequest(NULL, Object(Config\Cache), false)
#7 D:\laragon\www\belajar-ci\public\index.php(45): CodeIgniter\CodeIgniter->run()
#8 {main}
CRITICAL - 2020-11-16 21:57:34 --> Class 'App\Models\UserModel' not found
#0 D:\laragon\www\belajar-ci\system\CodeIgniter.php(918): App\Controllers\Admin\Users->index()
#1 D:\laragon\www\belajar-ci\system\CodeIgniter.php(404): CodeIgniter\CodeIgniter->runController(Object(App\Controllers\Admin\Users))
#2 D:\laragon\www\belajar-ci\system\CodeIgniter.php(312): CodeIgniter\CodeIgniter->handleRequest(NULL, Object(Config\Cache), false)
#3 D:\laragon\www\belajar-ci\public\index.php(45): CodeIgniter\CodeIgniter->run()
#4 {main}
CRITICAL - 2020-11-16 21:58:02 --> Class 'App\Models\UserModel' not found
#0 D:\laragon\www\belajar-ci\system\CodeIgniter.php(918): App\Controllers\Admin\Users->index()
#1 D:\laragon\www\belajar-ci\system\CodeIgniter.php(404): CodeIgniter\CodeIgniter->runController(Object(App\Controllers\Admin\Users))
#2 D:\laragon\www\belajar-ci\system\CodeIgniter.php(312): CodeIgniter\CodeIgniter->handleRequest(NULL, Object(Config\Cache), false)
#3 D:\laragon\www\belajar-ci\public\index.php(45): CodeIgniter\CodeIgniter->run()
#4 {main}
CRITICAL - 2020-11-16 21:58:38 --> Class 'App\Controllers\Admin\UserModel' not found
#0 D:\laragon\www\belajar-ci\system\CodeIgniter.php(918): App\Controllers\Admin\Users->index()
#1 D:\laragon\www\belajar-ci\system\CodeIgniter.php(404): CodeIgniter\CodeIgniter->runController(Object(App\Controllers\Admin\Users))
#2 D:\laragon\www\belajar-ci\system\CodeIgniter.php(312): CodeIgniter\CodeIgniter->handleRequest(NULL, Object(Config\Cache), false)
#3 D:\laragon\www\belajar-ci\public\index.php(45): CodeIgniter\CodeIgniter->run()
#4 {main}
CRITICAL - 2020-11-16 21:58:44 --> Class 'App\Models\UsersModel' not found
#0 D:\laragon\www\belajar-ci\system\CodeIgniter.php(918): App\Controllers\Admin\Users->index()
#1 D:\laragon\www\belajar-ci\system\CodeIgniter.php(404): CodeIgniter\CodeIgniter->runController(Object(App\Controllers\Admin\Users))
#2 D:\laragon\www\belajar-ci\system\CodeIgniter.php(312): CodeIgniter\CodeIgniter->handleRequest(NULL, Object(Config\Cache), false)
#3 D:\laragon\www\belajar-ci\public\index.php(45): CodeIgniter\CodeIgniter->run()
#4 {main}
CRITICAL - 2020-11-16 21:59:13 --> Class 'App\Models\UsersModel' not found
#0 D:\laragon\www\belajar-ci\system\CodeIgniter.php(918): App\Controllers\Admin\Users->index()
#1 D:\laragon\www\belajar-ci\system\CodeIgniter.php(404): CodeIgniter\CodeIgniter->runController(Object(App\Controllers\Admin\Users))
#2 D:\laragon\www\belajar-ci\system\CodeIgniter.php(312): CodeIgniter\CodeIgniter->handleRequest(NULL, Object(Config\Cache), false)
#3 D:\laragon\www\belajar-ci\public\index.php(45): CodeIgniter\CodeIgniter->run()
#4 {main}
CRITICAL - 2020-11-16 21:59:48 --> Class 'App\Models\UsersModel' not found
#0 D:\laragon\www\belajar-ci\system\CodeIgniter.php(918): App\Controllers\Admin\Users->index()
#1 D:\laragon\www\belajar-ci\system\CodeIgniter.php(404): CodeIgniter\CodeIgniter->runController(Object(App\Controllers\Admin\Users))
#2 D:\laragon\www\belajar-ci\system\CodeIgniter.php(312): CodeIgniter\CodeIgniter->handleRequest(NULL, Object(Config\Cache), false)
#3 D:\laragon\www\belajar-ci\public\index.php(45): CodeIgniter\CodeIgniter->run()
#4 {main}
CRITICAL - 2020-11-16 22:00:52 --> Class 'App\Models\UsersModel' not found
#0 D:\laragon\www\belajar-ci\system\CodeIgniter.php(918): App\Controllers\Admin\Users->index()
#1 D:\laragon\www\belajar-ci\system\CodeIgniter.php(404): CodeIgniter\CodeIgniter->runController(Object(App\Controllers\Admin\Users))
#2 D:\laragon\www\belajar-ci\system\CodeIgniter.php(312): CodeIgniter\CodeIgniter->handleRequest(NULL, Object(Config\Cache), false)
#3 D:\laragon\www\belajar-ci\public\index.php(45): CodeIgniter\CodeIgniter->run()
#4 {main}
CRITICAL - 2020-11-16 22:02:57 --> Class 'App\Models\UsersModel' not found
#0 D:\laragon\www\belajar-ci\system\CodeIgniter.php(918): App\Controllers\Admin\Users->index()
#1 D:\laragon\www\belajar-ci\system\CodeIgniter.php(404): CodeIgniter\CodeIgniter->runController(Object(App\Controllers\Admin\Users))
#2 D:\laragon\www\belajar-ci\system\CodeIgniter.php(312): CodeIgniter\CodeIgniter->handleRequest(NULL, Object(Config\Cache), false)
#3 D:\laragon\www\belajar-ci\public\index.php(45): CodeIgniter\CodeIgniter->run()
#4 {main}
CRITICAL - 2020-11-16 22:07:18 --> Class 'App\Models\UsersModel' not found
#0 D:\laragon\www\belajar-ci\system\CodeIgniter.php(918): App\Controllers\Admin\Users->index()
#1 D:\laragon\www\belajar-ci\system\CodeIgniter.php(404): CodeIgniter\CodeIgniter->runController(Object(App\Controllers\Admin\Users))
#2 D:\laragon\www\belajar-ci\system\CodeIgniter.php(312): CodeIgniter\CodeIgniter->handleRequest(NULL, Object(Config\Cache), false)
#3 D:\laragon\www\belajar-ci\public\index.php(45): CodeIgniter\CodeIgniter->run()
#4 {main}
CRITICAL - 2020-11-16 22:08:31 --> Unable to connect to the database.
#0 D:\laragon\www\belajar-ci\system\Database\BaseConnection.php(646): CodeIgniter\Database\BaseConnection->initialize()
#1 D:\laragon\www\belajar-ci\system\Database\BaseBuilder.php(1860): CodeIgniter\Database\BaseConnection->query('SELECT *\nFROM `...', Array, false)
#2 D:\laragon\www\belajar-ci\system\Model.php(462): CodeIgniter\Database\BaseBuilder->get()
#3 D:\laragon\www\belajar-ci\app\Controllers\Admin\Users.php(15): CodeIgniter\Model->findAll()
#4 D:\laragon\www\belajar-ci\system\CodeIgniter.php(918): App\Controllers\Admin\Users->index()
#5 D:\laragon\www\belajar-ci\system\CodeIgniter.php(404): CodeIgniter\CodeIgniter->runController(Object(App\Controllers\Admin\Users))
#6 D:\laragon\www\belajar-ci\system\CodeIgniter.php(312): CodeIgniter\CodeIgniter->handleRequest(NULL, Object(Config\Cache), false)
#7 D:\laragon\www\belajar-ci\public\index.php(45): CodeIgniter\CodeIgniter->run()
#8 {main}
CRITICAL - 2020-11-16 22:09:21 --> Unable to connect to the database.
#0 D:\laragon\www\belajar-ci\system\Database\BaseConnection.php(646): CodeIgniter\Database\BaseConnection->initialize()
#1 D:\laragon\www\belajar-ci\system\Database\BaseBuilder.php(1860): CodeIgniter\Database\BaseConnection->query('SELECT *\nFROM `...', Array, false)
#2 D:\laragon\www\belajar-ci\system\Model.php(462): CodeIgniter\Database\BaseBuilder->get()
#3 D:\laragon\www\belajar-ci\app\Controllers\Admin\Users.php(15): CodeIgniter\Model->findAll()
#4 D:\laragon\www\belajar-ci\system\CodeIgniter.php(918): App\Controllers\Admin\Users->index()
#5 D:\laragon\www\belajar-ci\system\CodeIgniter.php(404): CodeIgniter\CodeIgniter->runController(Object(App\Controllers\Admin\Users))
#6 D:\laragon\www\belajar-ci\system\CodeIgniter.php(312): CodeIgniter\CodeIgniter->handleRequest(NULL, Object(Config\Cache), false)
#7 D:\laragon\www\belajar-ci\public\index.php(45): CodeIgniter\CodeIgniter->run()
#8 {main}
CRITICAL - 2020-11-16 22:15:00 --> Unable to connect to the database.
#0 D:\laragon\www\belajar-ci\system\Database\BaseConnection.php(646): CodeIgniter\Database\BaseConnection->initialize()
#1 D:\laragon\www\belajar-ci\system\Database\BaseBuilder.php(1860): CodeIgniter\Database\BaseConnection->query('SELECT *\nFROM `...', Array, false)
#2 D:\laragon\www\belajar-ci\system\Model.php(462): CodeIgniter\Database\BaseBuilder->get()
#3 D:\laragon\www\belajar-ci\app\Controllers\Admin\Users.php(15): CodeIgniter\Model->findAll()
#4 D:\laragon\www\belajar-ci\system\CodeIgniter.php(918): App\Controllers\Admin\Users->index()
#5 D:\laragon\www\belajar-ci\system\CodeIgniter.php(404): CodeIgniter\CodeIgniter->runController(Object(App\Controllers\Admin\Users))
#6 D:\laragon\www\belajar-ci\system\CodeIgniter.php(312): CodeIgniter\CodeIgniter->handleRequest(NULL, Object(Config\Cache), false)
#7 D:\laragon\www\belajar-ci\public\index.php(45): CodeIgniter\CodeIgniter->run()
#8 {main}
