CRITICAL - 2020-11-30 01:10:19 --> Unknown column 'id' in 'order clause'
#0 C:\laragon\www\belajar-ci\system\Database\MySQLi\Connection.php(331): mysqli->query('SELECT *\nFROM `...')
#1 C:\laragon\www\belajar-ci\system\Database\BaseConnection.php(741): CodeIgniter\Database\MySQLi\Connection->execute('SELECT *\nFROM `...')
#2 C:\laragon\www\belajar-ci\system\Database\BaseConnection.php(669): CodeIgniter\Database\BaseConnection->simpleQuery('SELECT *\nFROM `...')
#3 C:\laragon\www\belajar-ci\system\Database\BaseBuilder.php(1860): CodeIgniter\Database\BaseConnection->query('SELECT *\nFROM `...', Array, false)
#4 C:\laragon\www\belajar-ci\system\Model.php(462): CodeIgniter\Database\BaseBuilder->get()
#5 C:\laragon\www\belajar-ci\app\Controllers\Admin\Pages.php(23): CodeIgniter\Model->findAll()
#6 C:\laragon\www\belajar-ci\system\CodeIgniter.php(918): App\Controllers\Admin\Pages->hal()
#7 C:\laragon\www\belajar-ci\system\CodeIgniter.php(404): CodeIgniter\CodeIgniter->runController(Object(App\Controllers\Admin\Pages))
#8 C:\laragon\www\belajar-ci\system\CodeIgniter.php(312): CodeIgniter\CodeIgniter->handleRequest(NULL, Object(Config\Cache), false)
#9 C:\laragon\www\belajar-ci\public\index.php(45): CodeIgniter\CodeIgniter->run()
#10 {main}
CRITICAL - 2020-11-30 01:13:50 --> Table 'belajar-ci.berita' doesn't exist
#0 C:\laragon\www\belajar-ci\system\Database\MySQLi\Connection.php(331): mysqli->query('SELECT *\nFROM `...')
#1 C:\laragon\www\belajar-ci\system\Database\BaseConnection.php(741): CodeIgniter\Database\MySQLi\Connection->execute('SELECT *\nFROM `...')
#2 C:\laragon\www\belajar-ci\system\Database\BaseConnection.php(669): CodeIgniter\Database\BaseConnection->simpleQuery('SELECT *\nFROM `...')
#3 C:\laragon\www\belajar-ci\system\Database\BaseBuilder.php(1860): CodeIgniter\Database\BaseConnection->query('SELECT *\nFROM `...', Array, false)
#4 C:\laragon\www\belajar-ci\system\Model.php(462): CodeIgniter\Database\BaseBuilder->get()
#5 C:\laragon\www\belajar-ci\app\Controllers\Admin\News.php(23): CodeIgniter\Model->findAll()
#6 C:\laragon\www\belajar-ci\system\CodeIgniter.php(918): App\Controllers\Admin\News->brt()
#7 C:\laragon\www\belajar-ci\system\CodeIgniter.php(404): CodeIgniter\CodeIgniter->runController(Object(App\Controllers\Admin\News))
#8 C:\laragon\www\belajar-ci\system\CodeIgniter.php(312): CodeIgniter\CodeIgniter->handleRequest(NULL, Object(Config\Cache), false)
#9 C:\laragon\www\belajar-ci\public\index.php(45): CodeIgniter\CodeIgniter->run()
#10 {main}
CRITICAL - 2020-11-30 01:13:55 --> Unknown column 'id' in 'order clause'
#0 C:\laragon\www\belajar-ci\system\Database\MySQLi\Connection.php(331): mysqli->query('SELECT *\nFROM `...')
#1 C:\laragon\www\belajar-ci\system\Database\BaseConnection.php(741): CodeIgniter\Database\MySQLi\Connection->execute('SELECT *\nFROM `...')
#2 C:\laragon\www\belajar-ci\system\Database\BaseConnection.php(669): CodeIgniter\Database\BaseConnection->simpleQuery('SELECT *\nFROM `...')
#3 C:\laragon\www\belajar-ci\system\Database\BaseBuilder.php(1860): CodeIgniter\Database\BaseConnection->query('SELECT *\nFROM `...', Array, false)
#4 C:\laragon\www\belajar-ci\system\Model.php(462): CodeIgniter\Database\BaseBuilder->get()
#5 C:\laragon\www\belajar-ci\app\Controllers\Admin\Pages.php(23): CodeIgniter\Model->findAll()
#6 C:\laragon\www\belajar-ci\system\CodeIgniter.php(918): App\Controllers\Admin\Pages->hal()
#7 C:\laragon\www\belajar-ci\system\CodeIgniter.php(404): CodeIgniter\CodeIgniter->runController(Object(App\Controllers\Admin\Pages))
#8 C:\laragon\www\belajar-ci\system\CodeIgniter.php(312): CodeIgniter\CodeIgniter->handleRequest(NULL, Object(Config\Cache), false)
#9 C:\laragon\www\belajar-ci\public\index.php(45): CodeIgniter\CodeIgniter->run()
#10 {main}
CRITICAL - 2020-11-30 01:37:30 --> Undefined variable: berita
#0 C:\laragon\www\belajar-ci\app\Views\news_view_all.php(74): CodeIgniter\Debug\Exceptions->errorHandler(8, 'Undefined varia...', 'C:\\laragon\\www\\...', 74, Array)
#1 C:\laragon\www\belajar-ci\system\View\View.php(246): include('C:\\laragon\\www\\...')
#2 C:\laragon\www\belajar-ci\system\Common.php(1119): CodeIgniter\View\View->render('news_view_all', Array, true)
#3 C:\laragon\www\belajar-ci\app\Controllers\Admin\News.php(25): view('news_view_all', Array)
#4 C:\laragon\www\belajar-ci\system\CodeIgniter.php(918): App\Controllers\Admin\News->brt()
#5 C:\laragon\www\belajar-ci\system\CodeIgniter.php(404): CodeIgniter\CodeIgniter->runController(Object(App\Controllers\Admin\News))
#6 C:\laragon\www\belajar-ci\system\CodeIgniter.php(312): CodeIgniter\CodeIgniter->handleRequest(NULL, Object(Config\Cache), false)
#7 C:\laragon\www\belajar-ci\public\index.php(45): CodeIgniter\CodeIgniter->run()
#8 {main}
CRITICAL - 2020-11-30 05:33:38 --> Undefined index: id
#0 C:\laragon\www\belajar-ci\app\Views\pages_view_all.php(82): CodeIgniter\Debug\Exceptions->errorHandler(8, 'Undefined index...', 'C:\\laragon\\www\\...', 82, Array)
#1 C:\laragon\www\belajar-ci\system\View\View.php(246): include('C:\\laragon\\www\\...')
#2 C:\laragon\www\belajar-ci\system\Common.php(1119): CodeIgniter\View\View->render('pages_view_all', Array, true)
#3 C:\laragon\www\belajar-ci\app\Controllers\Admin\Pages.php(25): view('pages_view_all', Array)
#4 C:\laragon\www\belajar-ci\system\CodeIgniter.php(918): App\Controllers\Admin\Pages->hal()
#5 C:\laragon\www\belajar-ci\system\CodeIgniter.php(404): CodeIgniter\CodeIgniter->runController(Object(App\Controllers\Admin\Pages))
#6 C:\laragon\www\belajar-ci\system\CodeIgniter.php(312): CodeIgniter\CodeIgniter->handleRequest(NULL, Object(Config\Cache), false)
#7 C:\laragon\www\belajar-ci\public\index.php(45): CodeIgniter\CodeIgniter->run()
#8 {main}
CRITICAL - 2020-11-30 08:24:03 --> Table 'belajar-ci.halaman' doesn't exist
#0 C:\laragon\www\belajar-ci\system\Database\MySQLi\Connection.php(331): mysqli->query('SELECT *\nFROM `...')
#1 C:\laragon\www\belajar-ci\system\Database\BaseConnection.php(741): CodeIgniter\Database\MySQLi\Connection->execute('SELECT *\nFROM `...')
#2 C:\laragon\www\belajar-ci\system\Database\BaseConnection.php(669): CodeIgniter\Database\BaseConnection->simpleQuery('SELECT *\nFROM `...')
#3 C:\laragon\www\belajar-ci\system\Database\BaseBuilder.php(1860): CodeIgniter\Database\BaseConnection->query('SELECT *\nFROM `...', Array, false)
#4 C:\laragon\www\belajar-ci\system\Model.php(462): CodeIgniter\Database\BaseBuilder->get()
#5 C:\laragon\www\belajar-ci\app\Controllers\Admin\Pages.php(23): CodeIgniter\Model->findAll()
#6 C:\laragon\www\belajar-ci\system\CodeIgniter.php(918): App\Controllers\Admin\Pages->hal()
#7 C:\laragon\www\belajar-ci\system\CodeIgniter.php(404): CodeIgniter\CodeIgniter->runController(Object(App\Controllers\Admin\Pages))
#8 C:\laragon\www\belajar-ci\system\CodeIgniter.php(312): CodeIgniter\CodeIgniter->handleRequest(NULL, Object(Config\Cache), false)
#9 C:\laragon\www\belajar-ci\public\index.php(45): CodeIgniter\CodeIgniter->run()
#10 {main}
CRITICAL - 2020-11-30 08:32:40 --> Table 'belajar-ci.halaman' doesn't exist
#0 C:\laragon\www\belajar-ci\system\Database\MySQLi\Connection.php(331): mysqli->query('SELECT *\nFROM `...')
#1 C:\laragon\www\belajar-ci\system\Database\BaseConnection.php(741): CodeIgniter\Database\MySQLi\Connection->execute('SELECT *\nFROM `...')
#2 C:\laragon\www\belajar-ci\system\Database\BaseConnection.php(669): CodeIgniter\Database\BaseConnection->simpleQuery('SELECT *\nFROM `...')
#3 C:\laragon\www\belajar-ci\system\Database\BaseBuilder.php(1860): CodeIgniter\Database\BaseConnection->query('SELECT *\nFROM `...', Array, false)
#4 C:\laragon\www\belajar-ci\system\Model.php(462): CodeIgniter\Database\BaseBuilder->get()
#5 C:\laragon\www\belajar-ci\app\Controllers\Admin\Pages.php(23): CodeIgniter\Model->findAll()
#6 C:\laragon\www\belajar-ci\system\CodeIgniter.php(918): App\Controllers\Admin\Pages->hal()
#7 C:\laragon\www\belajar-ci\system\CodeIgniter.php(404): CodeIgniter\CodeIgniter->runController(Object(App\Controllers\Admin\Pages))
#8 C:\laragon\www\belajar-ci\system\CodeIgniter.php(312): CodeIgniter\CodeIgniter->handleRequest(NULL, Object(Config\Cache), false)
#9 C:\laragon\www\belajar-ci\public\index.php(45): CodeIgniter\CodeIgniter->run()
#10 {main}
CRITICAL - 2020-11-30 08:32:57 --> Table 'belajar-ci.halaman' doesn't exist
#0 C:\laragon\www\belajar-ci\system\Database\MySQLi\Connection.php(331): mysqli->query('SELECT *\nFROM `...')
#1 C:\laragon\www\belajar-ci\system\Database\BaseConnection.php(741): CodeIgniter\Database\MySQLi\Connection->execute('SELECT *\nFROM `...')
#2 C:\laragon\www\belajar-ci\system\Database\BaseConnection.php(669): CodeIgniter\Database\BaseConnection->simpleQuery('SELECT *\nFROM `...')
#3 C:\laragon\www\belajar-ci\system\Database\BaseBuilder.php(1860): CodeIgniter\Database\BaseConnection->query('SELECT *\nFROM `...', Array, false)
#4 C:\laragon\www\belajar-ci\system\Model.php(462): CodeIgniter\Database\BaseBuilder->get()
#5 C:\laragon\www\belajar-ci\app\Controllers\Admin\Pages.php(23): CodeIgniter\Model->findAll()
#6 C:\laragon\www\belajar-ci\system\CodeIgniter.php(918): App\Controllers\Admin\Pages->hal()
#7 C:\laragon\www\belajar-ci\system\CodeIgniter.php(404): CodeIgniter\CodeIgniter->runController(Object(App\Controllers\Admin\Pages))
#8 C:\laragon\www\belajar-ci\system\CodeIgniter.php(312): CodeIgniter\CodeIgniter->handleRequest(NULL, Object(Config\Cache), false)
#9 C:\laragon\www\belajar-ci\public\index.php(45): CodeIgniter\CodeIgniter->run()
#10 {main}
CRITICAL - 2020-11-30 08:33:21 --> Table 'belajar-ci.halaman' doesn't exist
#0 C:\laragon\www\belajar-ci\system\Database\MySQLi\Connection.php(331): mysqli->query('SELECT *\nFROM `...')
#1 C:\laragon\www\belajar-ci\system\Database\BaseConnection.php(741): CodeIgniter\Database\MySQLi\Connection->execute('SELECT *\nFROM `...')
#2 C:\laragon\www\belajar-ci\system\Database\BaseConnection.php(669): CodeIgniter\Database\BaseConnection->simpleQuery('SELECT *\nFROM `...')
#3 C:\laragon\www\belajar-ci\system\Database\BaseBuilder.php(1860): CodeIgniter\Database\BaseConnection->query('SELECT *\nFROM `...', Array, false)
#4 C:\laragon\www\belajar-ci\system\Model.php(462): CodeIgniter\Database\BaseBuilder->get()
#5 C:\laragon\www\belajar-ci\app\Controllers\Admin\Pages.php(23): CodeIgniter\Model->findAll()
#6 C:\laragon\www\belajar-ci\system\CodeIgniter.php(918): App\Controllers\Admin\Pages->hal()
#7 C:\laragon\www\belajar-ci\system\CodeIgniter.php(404): CodeIgniter\CodeIgniter->runController(Object(App\Controllers\Admin\Pages))
#8 C:\laragon\www\belajar-ci\system\CodeIgniter.php(312): CodeIgniter\CodeIgniter->handleRequest(NULL, Object(Config\Cache), false)
#9 C:\laragon\www\belajar-ci\public\index.php(45): CodeIgniter\CodeIgniter->run()
#10 {main}
CRITICAL - 2020-11-30 08:34:38 --> Table 'belajar-ci.halaman' doesn't exist
#0 C:\laragon\www\belajar-ci\system\Database\MySQLi\Connection.php(331): mysqli->query('SELECT *\nFROM `...')
#1 C:\laragon\www\belajar-ci\system\Database\BaseConnection.php(741): CodeIgniter\Database\MySQLi\Connection->execute('SELECT *\nFROM `...')
#2 C:\laragon\www\belajar-ci\system\Database\BaseConnection.php(669): CodeIgniter\Database\BaseConnection->simpleQuery('SELECT *\nFROM `...')
#3 C:\laragon\www\belajar-ci\system\Database\BaseBuilder.php(1860): CodeIgniter\Database\BaseConnection->query('SELECT *\nFROM `...', Array, false)
#4 C:\laragon\www\belajar-ci\system\Model.php(462): CodeIgniter\Database\BaseBuilder->get()
#5 C:\laragon\www\belajar-ci\app\Controllers\Admin\Pages.php(23): CodeIgniter\Model->findAll()
#6 C:\laragon\www\belajar-ci\system\CodeIgniter.php(918): App\Controllers\Admin\Pages->hal()
#7 C:\laragon\www\belajar-ci\system\CodeIgniter.php(404): CodeIgniter\CodeIgniter->runController(Object(App\Controllers\Admin\Pages))
#8 C:\laragon\www\belajar-ci\system\CodeIgniter.php(312): CodeIgniter\CodeIgniter->handleRequest(NULL, Object(Config\Cache), false)
#9 C:\laragon\www\belajar-ci\public\index.php(45): CodeIgniter\CodeIgniter->run()
#10 {main}
CRITICAL - 2020-11-30 08:34:48 --> Table 'belajar-ci.halaman' doesn't exist
#0 C:\laragon\www\belajar-ci\system\Database\MySQLi\Connection.php(331): mysqli->query('SELECT *\nFROM `...')
#1 C:\laragon\www\belajar-ci\system\Database\BaseConnection.php(741): CodeIgniter\Database\MySQLi\Connection->execute('SELECT *\nFROM `...')
#2 C:\laragon\www\belajar-ci\system\Database\BaseConnection.php(669): CodeIgniter\Database\BaseConnection->simpleQuery('SELECT *\nFROM `...')
#3 C:\laragon\www\belajar-ci\system\Database\BaseBuilder.php(1860): CodeIgniter\Database\BaseConnection->query('SELECT *\nFROM `...', Array, false)
#4 C:\laragon\www\belajar-ci\system\Model.php(462): CodeIgniter\Database\BaseBuilder->get()
#5 C:\laragon\www\belajar-ci\app\Controllers\Admin\Pages.php(23): CodeIgniter\Model->findAll()
#6 C:\laragon\www\belajar-ci\system\CodeIgniter.php(918): App\Controllers\Admin\Pages->hal()
#7 C:\laragon\www\belajar-ci\system\CodeIgniter.php(404): CodeIgniter\CodeIgniter->runController(Object(App\Controllers\Admin\Pages))
#8 C:\laragon\www\belajar-ci\system\CodeIgniter.php(312): CodeIgniter\CodeIgniter->handleRequest(NULL, Object(Config\Cache), false)
#9 C:\laragon\www\belajar-ci\public\index.php(45): CodeIgniter\CodeIgniter->run()
#10 {main}
CRITICAL - 2020-11-30 08:35:36 --> Table 'belajar-ci.halaman' doesn't exist
#0 C:\laragon\www\belajar-ci\system\Database\MySQLi\Connection.php(331): mysqli->query('SELECT *\nFROM `...')
#1 C:\laragon\www\belajar-ci\system\Database\BaseConnection.php(741): CodeIgniter\Database\MySQLi\Connection->execute('SELECT *\nFROM `...')
#2 C:\laragon\www\belajar-ci\system\Database\BaseConnection.php(669): CodeIgniter\Database\BaseConnection->simpleQuery('SELECT *\nFROM `...')
#3 C:\laragon\www\belajar-ci\system\Database\BaseBuilder.php(1860): CodeIgniter\Database\BaseConnection->query('SELECT *\nFROM `...', Array, false)
#4 C:\laragon\www\belajar-ci\system\Model.php(462): CodeIgniter\Database\BaseBuilder->get()
#5 C:\laragon\www\belajar-ci\app\Controllers\Admin\Pages.php(23): CodeIgniter\Model->findAll()
#6 C:\laragon\www\belajar-ci\system\CodeIgniter.php(918): App\Controllers\Admin\Pages->hal()
#7 C:\laragon\www\belajar-ci\system\CodeIgniter.php(404): CodeIgniter\CodeIgniter->runController(Object(App\Controllers\Admin\Pages))
#8 C:\laragon\www\belajar-ci\system\CodeIgniter.php(312): CodeIgniter\CodeIgniter->handleRequest(NULL, Object(Config\Cache), false)
#9 C:\laragon\www\belajar-ci\public\index.php(45): CodeIgniter\CodeIgniter->run()
#10 {main}
CRITICAL - 2020-11-30 08:35:42 --> Table 'belajar-ci.halaman' doesn't exist
#0 C:\laragon\www\belajar-ci\system\Database\MySQLi\Connection.php(331): mysqli->query('SELECT *\nFROM `...')
#1 C:\laragon\www\belajar-ci\system\Database\BaseConnection.php(741): CodeIgniter\Database\MySQLi\Connection->execute('SELECT *\nFROM `...')
#2 C:\laragon\www\belajar-ci\system\Database\BaseConnection.php(669): CodeIgniter\Database\BaseConnection->simpleQuery('SELECT *\nFROM `...')
#3 C:\laragon\www\belajar-ci\system\Database\BaseBuilder.php(1860): CodeIgniter\Database\BaseConnection->query('SELECT *\nFROM `...', Array, false)
#4 C:\laragon\www\belajar-ci\system\Model.php(462): CodeIgniter\Database\BaseBuilder->get()
#5 C:\laragon\www\belajar-ci\app\Controllers\Admin\Pages.php(23): CodeIgniter\Model->findAll()
#6 C:\laragon\www\belajar-ci\system\CodeIgniter.php(918): App\Controllers\Admin\Pages->hal()
#7 C:\laragon\www\belajar-ci\system\CodeIgniter.php(404): CodeIgniter\CodeIgniter->runController(Object(App\Controllers\Admin\Pages))
#8 C:\laragon\www\belajar-ci\system\CodeIgniter.php(312): CodeIgniter\CodeIgniter->handleRequest(NULL, Object(Config\Cache), false)
#9 C:\laragon\www\belajar-ci\public\index.php(45): CodeIgniter\CodeIgniter->run()
#10 {main}
CRITICAL - 2020-11-30 08:50:01 --> Table 'belajar-ci.halaman' doesn't exist
#0 C:\laragon\www\belajar-ci\system\Database\MySQLi\Connection.php(331): mysqli->query('SELECT *\nFROM `...')
#1 C:\laragon\www\belajar-ci\system\Database\BaseConnection.php(741): CodeIgniter\Database\MySQLi\Connection->execute('SELECT *\nFROM `...')
#2 C:\laragon\www\belajar-ci\system\Database\BaseConnection.php(669): CodeIgniter\Database\BaseConnection->simpleQuery('SELECT *\nFROM `...')
#3 C:\laragon\www\belajar-ci\system\Database\BaseBuilder.php(1860): CodeIgniter\Database\BaseConnection->query('SELECT *\nFROM `...', Array, false)
#4 C:\laragon\www\belajar-ci\system\Model.php(462): CodeIgniter\Database\BaseBuilder->get()
#5 C:\laragon\www\belajar-ci\app\Controllers\Admin\Pages.php(23): CodeIgniter\Model->findAll()
#6 C:\laragon\www\belajar-ci\system\CodeIgniter.php(918): App\Controllers\Admin\Pages->hal()
#7 C:\laragon\www\belajar-ci\system\CodeIgniter.php(404): CodeIgniter\CodeIgniter->runController(Object(App\Controllers\Admin\Pages))
#8 C:\laragon\www\belajar-ci\system\CodeIgniter.php(312): CodeIgniter\CodeIgniter->handleRequest(NULL, Object(Config\Cache), false)
#9 C:\laragon\www\belajar-ci\public\index.php(45): CodeIgniter\CodeIgniter->run()
#10 {main}
CRITICAL - 2020-11-30 08:50:09 --> Table 'belajar-ci.master_berita' doesn't exist
#0 C:\laragon\www\belajar-ci\system\Database\MySQLi\Connection.php(331): mysqli->query('SELECT *\nFROM `...')
#1 C:\laragon\www\belajar-ci\system\Database\BaseConnection.php(741): CodeIgniter\Database\MySQLi\Connection->execute('SELECT *\nFROM `...')
#2 C:\laragon\www\belajar-ci\system\Database\BaseConnection.php(669): CodeIgniter\Database\BaseConnection->simpleQuery('SELECT *\nFROM `...')
#3 C:\laragon\www\belajar-ci\system\Database\BaseBuilder.php(1860): CodeIgniter\Database\BaseConnection->query('SELECT *\nFROM `...', Array, false)
#4 C:\laragon\www\belajar-ci\system\Model.php(462): CodeIgniter\Database\BaseBuilder->get()
#5 C:\laragon\www\belajar-ci\app\Controllers\Admin\News.php(23): CodeIgniter\Model->findAll()
#6 C:\laragon\www\belajar-ci\system\CodeIgniter.php(918): App\Controllers\Admin\News->brt()
#7 C:\laragon\www\belajar-ci\system\CodeIgniter.php(404): CodeIgniter\CodeIgniter->runController(Object(App\Controllers\Admin\News))
#8 C:\laragon\www\belajar-ci\system\CodeIgniter.php(312): CodeIgniter\CodeIgniter->handleRequest(NULL, Object(Config\Cache), false)
#9 C:\laragon\www\belajar-ci\public\index.php(45): CodeIgniter\CodeIgniter->run()
#10 {main}
CRITICAL - 2020-11-30 08:53:42 --> Unknown column 'idberita' in 'order clause'
#0 C:\laragon\www\belajar-ci\system\Database\MySQLi\Connection.php(331): mysqli->query('SELECT *\nFROM `...')
#1 C:\laragon\www\belajar-ci\system\Database\BaseConnection.php(741): CodeIgniter\Database\MySQLi\Connection->execute('SELECT *\nFROM `...')
#2 C:\laragon\www\belajar-ci\system\Database\BaseConnection.php(669): CodeIgniter\Database\BaseConnection->simpleQuery('SELECT *\nFROM `...')
#3 C:\laragon\www\belajar-ci\system\Database\BaseBuilder.php(1860): CodeIgniter\Database\BaseConnection->query('SELECT *\nFROM `...', Array, false)
#4 C:\laragon\www\belajar-ci\system\Model.php(462): CodeIgniter\Database\BaseBuilder->get()
#5 C:\laragon\www\belajar-ci\app\Controllers\Admin\News.php(23): CodeIgniter\Model->findAll()
#6 C:\laragon\www\belajar-ci\system\CodeIgniter.php(918): App\Controllers\Admin\News->brt()
#7 C:\laragon\www\belajar-ci\system\CodeIgniter.php(404): CodeIgniter\CodeIgniter->runController(Object(App\Controllers\Admin\News))
#8 C:\laragon\www\belajar-ci\system\CodeIgniter.php(312): CodeIgniter\CodeIgniter->handleRequest(NULL, Object(Config\Cache), false)
#9 C:\laragon\www\belajar-ci\public\index.php(45): CodeIgniter\CodeIgniter->run()
#10 {main}
CRITICAL - 2020-11-30 08:56:49 --> Unknown column 'idhalaman' in 'order clause'
#0 C:\laragon\www\belajar-ci\system\Database\MySQLi\Connection.php(331): mysqli->query('SELECT *\nFROM `...')
#1 C:\laragon\www\belajar-ci\system\Database\BaseConnection.php(741): CodeIgniter\Database\MySQLi\Connection->execute('SELECT *\nFROM `...')
#2 C:\laragon\www\belajar-ci\system\Database\BaseConnection.php(669): CodeIgniter\Database\BaseConnection->simpleQuery('SELECT *\nFROM `...')
#3 C:\laragon\www\belajar-ci\system\Database\BaseBuilder.php(1860): CodeIgniter\Database\BaseConnection->query('SELECT *\nFROM `...', Array, false)
#4 C:\laragon\www\belajar-ci\system\Model.php(462): CodeIgniter\Database\BaseBuilder->get()
#5 C:\laragon\www\belajar-ci\app\Controllers\Admin\Pages.php(23): CodeIgniter\Model->findAll()
#6 C:\laragon\www\belajar-ci\system\CodeIgniter.php(918): App\Controllers\Admin\Pages->hal()
#7 C:\laragon\www\belajar-ci\system\CodeIgniter.php(404): CodeIgniter\CodeIgniter->runController(Object(App\Controllers\Admin\Pages))
#8 C:\laragon\www\belajar-ci\system\CodeIgniter.php(312): CodeIgniter\CodeIgniter->handleRequest(NULL, Object(Config\Cache), false)
#9 C:\laragon\www\belajar-ci\public\index.php(45): CodeIgniter\CodeIgniter->run()
#10 {main}
CRITICAL - 2020-11-30 09:08:33 --> Undefined index: tglposting
#0 C:\laragon\www\belajar-ci\app\Views\pages_view_all.php(80): CodeIgniter\Debug\Exceptions->errorHandler(8, 'Undefined index...', 'C:\\laragon\\www\\...', 80, Array)
#1 C:\laragon\www\belajar-ci\system\View\View.php(246): include('C:\\laragon\\www\\...')
#2 C:\laragon\www\belajar-ci\system\Common.php(1119): CodeIgniter\View\View->render('pages_view_all', Array, true)
#3 C:\laragon\www\belajar-ci\app\Controllers\Admin\Pages.php(25): view('pages_view_all', Array)
#4 C:\laragon\www\belajar-ci\system\CodeIgniter.php(918): App\Controllers\Admin\Pages->hal()
#5 C:\laragon\www\belajar-ci\system\CodeIgniter.php(404): CodeIgniter\CodeIgniter->runController(Object(App\Controllers\Admin\Pages))
#6 C:\laragon\www\belajar-ci\system\CodeIgniter.php(312): CodeIgniter\CodeIgniter->handleRequest(NULL, Object(Config\Cache), false)
#7 C:\laragon\www\belajar-ci\public\index.php(45): CodeIgniter\CodeIgniter->run()
#8 {main}
CRITICAL - 2020-11-30 09:12:31 --> Column 'tglposting' cannot be null
#0 C:\laragon\www\belajar-ci\system\Database\MySQLi\Connection.php(331): mysqli->query('INSERT INTO `ha...')
#1 C:\laragon\www\belajar-ci\system\Database\BaseConnection.php(741): CodeIgniter\Database\MySQLi\Connection->execute('INSERT INTO `ha...')
#2 C:\laragon\www\belajar-ci\system\Database\BaseConnection.php(669): CodeIgniter\Database\BaseConnection->simpleQuery('INSERT INTO `ha...')
#3 C:\laragon\www\belajar-ci\system\Database\BaseBuilder.php(2249): CodeIgniter\Database\BaseConnection->query('INSERT INTO `ha...', Array, false)
#4 C:\laragon\www\belajar-ci\system\Model.php(755): CodeIgniter\Database\BaseBuilder->insert()
#5 C:\laragon\www\belajar-ci\app\Controllers\Admin\Pages.php(39): CodeIgniter\Model->insert(Array)
#6 C:\laragon\www\belajar-ci\system\CodeIgniter.php(918): App\Controllers\Admin\Pages->store()
#7 C:\laragon\www\belajar-ci\system\CodeIgniter.php(404): CodeIgniter\CodeIgniter->runController(Object(App\Controllers\Admin\Pages))
#8 C:\laragon\www\belajar-ci\system\CodeIgniter.php(312): CodeIgniter\CodeIgniter->handleRequest(NULL, Object(Config\Cache), false)
#9 C:\laragon\www\belajar-ci\public\index.php(45): CodeIgniter\CodeIgniter->run()
#10 {main}
CRITICAL - 2020-11-30 09:12:42 --> Column 'tglposting' cannot be null
#0 C:\laragon\www\belajar-ci\system\Database\MySQLi\Connection.php(331): mysqli->query('INSERT INTO `ha...')
#1 C:\laragon\www\belajar-ci\system\Database\BaseConnection.php(741): CodeIgniter\Database\MySQLi\Connection->execute('INSERT INTO `ha...')
#2 C:\laragon\www\belajar-ci\system\Database\BaseConnection.php(669): CodeIgniter\Database\BaseConnection->simpleQuery('INSERT INTO `ha...')
#3 C:\laragon\www\belajar-ci\system\Database\BaseBuilder.php(2249): CodeIgniter\Database\BaseConnection->query('INSERT INTO `ha...', Array, false)
#4 C:\laragon\www\belajar-ci\system\Model.php(755): CodeIgniter\Database\BaseBuilder->insert()
#5 C:\laragon\www\belajar-ci\app\Controllers\Admin\Pages.php(39): CodeIgniter\Model->insert(Array)
#6 C:\laragon\www\belajar-ci\system\CodeIgniter.php(918): App\Controllers\Admin\Pages->store()
#7 C:\laragon\www\belajar-ci\system\CodeIgniter.php(404): CodeIgniter\CodeIgniter->runController(Object(App\Controllers\Admin\Pages))
#8 C:\laragon\www\belajar-ci\system\CodeIgniter.php(312): CodeIgniter\CodeIgniter->handleRequest(NULL, Object(Config\Cache), false)
#9 C:\laragon\www\belajar-ci\public\index.php(45): CodeIgniter\CodeIgniter->run()
#10 {main}
CRITICAL - 2020-11-30 09:13:36 --> Undefined index: tglposting
#0 C:\laragon\www\belajar-ci\app\Views\news_view_all.php(80): CodeIgniter\Debug\Exceptions->errorHandler(8, 'Undefined index...', 'C:\\laragon\\www\\...', 80, Array)
#1 C:\laragon\www\belajar-ci\system\View\View.php(246): include('C:\\laragon\\www\\...')
#2 C:\laragon\www\belajar-ci\system\Common.php(1119): CodeIgniter\View\View->render('news_view_all', Array, true)
#3 C:\laragon\www\belajar-ci\app\Controllers\Admin\News.php(25): view('news_view_all', Array)
#4 C:\laragon\www\belajar-ci\system\CodeIgniter.php(918): App\Controllers\Admin\News->brt()
#5 C:\laragon\www\belajar-ci\system\CodeIgniter.php(404): CodeIgniter\CodeIgniter->runController(Object(App\Controllers\Admin\News))
#6 C:\laragon\www\belajar-ci\system\CodeIgniter.php(312): CodeIgniter\CodeIgniter->handleRequest(NULL, Object(Config\Cache), false)
#7 C:\laragon\www\belajar-ci\public\index.php(45): CodeIgniter\CodeIgniter->run()
#8 {main}
CRITICAL - 2020-11-30 09:14:38 --> Undefined variable: user
#0 C:\laragon\www\belajar-ci\app\Views\users_edit_user.php(60): CodeIgniter\Debug\Exceptions->errorHandler(8, 'Undefined varia...', 'C:\\laragon\\www\\...', 60, Array)
#1 C:\laragon\www\belajar-ci\system\View\View.php(246): include('C:\\laragon\\www\\...')
#2 C:\laragon\www\belajar-ci\system\Common.php(1119): CodeIgniter\View\View->render('users_edit_user', Array, true)
#3 C:\laragon\www\belajar-ci\app\Controllers\Admin\News.php(47): view('users_edit_user', Array)
#4 C:\laragon\www\belajar-ci\system\CodeIgniter.php(918): App\Controllers\Admin\News->edit('0')
#5 C:\laragon\www\belajar-ci\system\CodeIgniter.php(404): CodeIgniter\CodeIgniter->runController(Object(App\Controllers\Admin\News))
#6 C:\laragon\www\belajar-ci\system\CodeIgniter.php(312): CodeIgniter\CodeIgniter->handleRequest(NULL, Object(Config\Cache), false)
#7 C:\laragon\www\belajar-ci\public\index.php(45): CodeIgniter\CodeIgniter->run()
#8 {main}
CRITICAL - 2020-11-30 09:19:39 --> Undefined variable: user
#0 C:\laragon\www\belajar-ci\app\Views\users_edit_user.php(60): CodeIgniter\Debug\Exceptions->errorHandler(8, 'Undefined varia...', 'C:\\laragon\\www\\...', 60, Array)
#1 C:\laragon\www\belajar-ci\system\View\View.php(246): include('C:\\laragon\\www\\...')
#2 C:\laragon\www\belajar-ci\system\Common.php(1119): CodeIgniter\View\View->render('users_edit_user', Array, true)
#3 C:\laragon\www\belajar-ci\app\Controllers\Admin\News.php(48): view('users_edit_user', Array)
#4 C:\laragon\www\belajar-ci\system\CodeIgniter.php(918): App\Controllers\Admin\News->edit('0')
#5 C:\laragon\www\belajar-ci\system\CodeIgniter.php(404): CodeIgniter\CodeIgniter->runController(Object(App\Controllers\Admin\News))
#6 C:\laragon\www\belajar-ci\system\CodeIgniter.php(312): CodeIgniter\CodeIgniter->handleRequest(NULL, Object(Config\Cache), false)
#7 C:\laragon\www\belajar-ci\public\index.php(45): CodeIgniter\CodeIgniter->run()
#8 {main}
